Using pre-set license
Built from '2020.3/staging' branch; Version is '2020.3.14f1 (d0d1bb862f9d) revision 13685179'; Using compiler version '192528614'; Build Type 'Release'
OS: 'Windows 10 Pro; OS build 19042.1110; Version 2009; 64bit' Language: 'en' Physical Memory: 16228 MB
BatchMode: 1, IsHumanControllingUs: 0, StartBugReporterOnCrash: 0, Is64bit: 1, IsPro: 0

 COMMAND LINE ARGUMENTS:
C:\Program Files\Unity\UnityEditor\2020.3.14f1\Editor\Unity.exe
-adb2
-batchMode
-noUpm
-name
AssetImportWorker0
-projectPath
C:/Users/Haoming/Documents/GitHub/GameAIKartDraft
-logFile
Logs/AssetImportWorker0.log
-srvPort
50906
Successfully changed project path to: C:/Users/Haoming/Documents/GitHub/GameAIKartDraft
C:/Users/Haoming/Documents/GitHub/GameAIKartDraft
Using Asset Import Pipeline V2.
Refreshing native plugins compatible for Editor in 70.97 ms, found 3 plugins.
Preloading 0 native plugins for Editor in 0.00 ms.
Initialize engine version: 2020.3.14f1 (d0d1bb862f9d)
[Subsystems] Discovering subsystems at path C:/Program Files/Unity/UnityEditor/2020.3.14f1/Editor/Data/Resources/UnitySubsystems
[Subsystems] Discovering subsystems at path C:/Users/Haoming/Documents/GitHub/GameAIKartDraft/Assets
GfxDevice: creating device client; threaded=0
Direct3D:
    Version:  Direct3D 11.0 [level 11.1]
    Renderer: NVIDIA GeForce RTX 2060 (ID=0x1f11)
    Vendor:   
    VRAM:     5980 MB
    Driver:   30.0.14.7141
Initialize mono
Mono path[0] = 'C:/Program Files/Unity/UnityEditor/2020.3.14f1/Editor/Data/Managed'
Mono path[1] = 'C:/Program Files/Unity/UnityEditor/2020.3.14f1/Editor/Data/MonoBleedingEdge/lib/mono/unityjit'
Mono config path = 'C:/Program Files/Unity/UnityEditor/2020.3.14f1/Editor/Data/MonoBleedingEdge/etc'
Using monoOptions --debugger-agent=transport=dt_socket,embedding=1,server=y,suspend=n,address=127.0.0.1:56920
Begin MonoManager ReloadAssembly
Registering precompiled unity dll's ...
Register platform support module: C:/Program Files/Unity/UnityEditor/2020.3.14f1/Editor/Data/PlaybackEngines/WindowsStandaloneSupport/UnityEditor.WindowsStandalone.Extensions.dll
Registered in 0.002314 seconds.
Native extension for WindowsStandalone target not found
Refreshing native plugins compatible for Editor in 60.11 ms, found 3 plugins.
Preloading 0 native plugins for Editor in 0.00 ms.
Mono: successfully reloaded assembly
- Completed reload, in  1.076 seconds
Domain Reload Profiling:
	ReloadAssembly (1076ms)
		BeginReloadAssembly (55ms)
			ExecutionOrderSort (0ms)
			DisableScriptedObjects (0ms)
			BackupInstance (0ms)
			ReleaseScriptingObjects (0ms)
			CreateAndSetChildDomain (1ms)
		EndReloadAssembly (463ms)
			LoadAssemblies (52ms)
			RebuildTransferFunctionScriptingTraits (0ms)
			SetupTypeCache (171ms)
			ReleaseScriptCaches (0ms)
			RebuildScriptCaches (32ms)
			SetupLoadedEditorAssemblies (188ms)
				LogAssemblyErrors (0ms)
				InitializePlatformSupportModulesInManaged (5ms)
				SetLoadedEditorAssemblies (0ms)
				RefreshPlugins (60ms)
				BeforeProcessingInitializeOnLoad (14ms)
				ProcessInitializeOnLoadAttributes (80ms)
				ProcessInitializeOnLoadMethodAttributes (29ms)
				AfterProcessingInitializeOnLoad (0ms)
				EditorAssembliesLoaded (0ms)
			ExecutionOrderSort2 (0ms)
			AwakeInstancesAfterBackupRestoration (0ms)
Platform modules already initialized, skipping
Registering precompiled user dll's ...
Registered in 0.006944 seconds.
Begin MonoManager ReloadAssembly
Native extension for WindowsStandalone target not found
Refreshing native plugins compatible for Editor in 61.68 ms, found 3 plugins.
Preloading 0 native plugins for Editor in 0.00 ms.
Mono: successfully reloaded assembly
- Completed reload, in  2.175 seconds
Domain Reload Profiling:
	ReloadAssembly (2175ms)
		BeginReloadAssembly (153ms)
			ExecutionOrderSort (0ms)
			DisableScriptedObjects (5ms)
			BackupInstance (0ms)
			ReleaseScriptingObjects (0ms)
			CreateAndSetChildDomain (19ms)
		EndReloadAssembly (1949ms)
			LoadAssemblies (99ms)
			RebuildTransferFunctionScriptingTraits (0ms)
			SetupTypeCache (365ms)
			ReleaseScriptCaches (0ms)
			RebuildScriptCaches (52ms)
			SetupLoadedEditorAssemblies (1288ms)
				LogAssemblyErrors (0ms)
				InitializePlatformSupportModulesInManaged (4ms)
				SetLoadedEditorAssemblies (0ms)
				RefreshPlugins (62ms)
				BeforeProcessingInitializeOnLoad (106ms)
				ProcessInitializeOnLoadAttributes (1104ms)
				ProcessInitializeOnLoadMethodAttributes (5ms)
				AfterProcessingInitializeOnLoad (6ms)
				EditorAssembliesLoaded (0ms)
			ExecutionOrderSort2 (0ms)
			AwakeInstancesAfterBackupRestoration (8ms)
Platform modules already initialized, skipping
========================================================================
Worker process is ready to serve import requests
Launched and connected shader compiler UnityShaderCompiler.exe after 0.04 seconds
Refreshing native plugins compatible for Editor in 0.72 ms, found 3 plugins.
Preloading 0 native plugins for Editor in 0.00 ms.
Unloading 2760 Unused Serialized files (Serialized files now loaded: 0)
System memory in use before: 126.9 MB.
System memory in use after: 124.8 MB.

Unloading 162 unused Assets to reduce memory usage. Loaded Objects now: 3151.
Total: 4.771900 ms (FindLiveObjects: 0.439100 ms CreateObjectMapping: 0.173900 ms MarkObjects: 2.622100 ms  DeleteObjects: 1.533900 ms)

AssetImportParameters requested are different than current active one (requested -> active):
  custom:framework-win-MediaFoundation: 216162199b28c13a410421893ffa2e32 -> 
  custom:video-decoder-ogg-theora: a1e56fd34408186e4bbccfd4996cb3dc -> 
  custom:container-muxer-webm: aa71ff27fc2769a1b78a27578f13a17b -> 
  custom:container-demuxer-webm: 4f35f7cbe854078d1ac9338744f61a02 -> 
  custom:container-demuxer-ogg: 62fdf1f143b41e24485cea50d1cbac27 -> 
  custom:video-encoder-webm-vp8: eb34c28f22e8b96e1ab97ce403110664 -> 
  custom:video-decoder-webm-vp8: 9c59270c3fd7afecdb556c50c9e8de78 -> 
  custom:audio-decoder-ogg-vorbis: bf7c407c2cedff20999df2af8eb42d56 -> 
  custom:audio-encoder-webm-vorbis: bf7c407c2cedff20999df2af8eb42d56 -> 
========================================================================
Received Import Request.
  path: Assets/Karting/Scripts/KartSystems/Wheel Pick Up/TempMetal.mat
  artifactKey: Guid(8ec5b301c89723045b6300cf21677259) Importer(815301076,1909f56bfc062723c751e8b465ee728b)
Start importing Assets/Karting/Scripts/KartSystems/Wheel Pick Up/TempMetal.mat using Guid(8ec5b301c89723045b6300cf21677259) Importer(815301076,1909f56bfc062723c751e8b465ee728b)  -> (artifact id: '8c79ba2f96d0a7d42f4360be37678624') in 0.113525 seconds 
  Import took 0.117987 seconds .

========================================================================
Received Import Request.
  Time since last request: 0.000230 seconds.
  path: Assets/Karting/Scripts/KartSystems/Wheel Pick Up/pfWheel.prefab
  artifactKey: Guid(ce2f1ddb9edcbf3479b321d439216eda) Importer(815301076,1909f56bfc062723c751e8b465ee728b)
Start importing Assets/Karting/Scripts/KartSystems/Wheel Pick Up/pfWheel.prefab using Guid(ce2f1ddb9edcbf3479b321d439216eda) Importer(815301076,1909f56bfc062723c751e8b465ee728b)  -> (artifact id: '446c79167c6884983247d3681fac7eec') in 0.033940 seconds 
  Import took 0.038871 seconds .

========================================================================
Received Import Request.
  Time since last request: 0.000303 seconds.
  path: Assets/Karting/Scripts/KartSystems/Wheel Pick Up/TempWheel.mat
  artifactKey: Guid(16710221cffdb6b44b99dc3ec5d3c43d) Importer(815301076,1909f56bfc062723c751e8b465ee728b)
Start importing Assets/Karting/Scripts/KartSystems/Wheel Pick Up/TempWheel.mat using Guid(16710221cffdb6b44b99dc3ec5d3c43d) Importer(815301076,1909f56bfc062723c751e8b465ee728b)  -> (artifact id: '6dd8d941dac18fca2872b1baaf00bf24') in 0.018572 seconds 
  Import took 0.024135 seconds .

========================================================================
Received Import Request.
  Time since last request: 0.000307 seconds.
  path: Assets/Karting/Scripts/KartSystems/Wheel Pick Up/Wheel.prefab
  artifactKey: Guid(7ebbe0c0ddc732e4b9dd95bea81987e7) Importer(815301076,1909f56bfc062723c751e8b465ee728b)
Start importing Assets/Karting/Scripts/KartSystems/Wheel Pick Up/Wheel.prefab using Guid(7ebbe0c0ddc732e4b9dd95bea81987e7) Importer(815301076,1909f56bfc062723c751e8b465ee728b)  -> (artifact id: '1ef8db1300e44821d181db842bf9b057') in 0.019912 seconds 
  Import took 0.024842 seconds .

========================================================================
Received Import Request.
  Time since last request: 2.400351 seconds.
  path: Assets/Karting/Scripts/KartSystems/Wheel Pick Up/WheelPickUp.cs
  artifactKey: Guid(391bc60f76b5d114cb28586c5f0dcfef) Importer(815301076,1909f56bfc062723c751e8b465ee728b)
Start importing Assets/Karting/Scripts/KartSystems/Wheel Pick Up/WheelPickUp.cs using Guid(391bc60f76b5d114cb28586c5f0dcfef) Importer(815301076,1909f56bfc062723c751e8b465ee728b)  -> (artifact id: '05032e9dd8587e55f974faeba9bdace3') in 0.010992 seconds 
  Import took 0.015017 seconds .

========================================================================
Received Import Request.
  Time since last request: 200.707841 seconds.
  path: Assets/Karting/Scripts/KartSystems/Wheel Pick Up
  artifactKey: Guid(6c1e900466f92ee489277adcd4be10d9) Importer(815301076,1909f56bfc062723c751e8b465ee728b)
Start importing Assets/Karting/Scripts/KartSystems/Wheel Pick Up using Guid(6c1e900466f92ee489277adcd4be10d9) Importer(815301076,1909f56bfc062723c751e8b465ee728b)  -> (artifact id: '42a7be3d25b84d224d975d12c71b73a6') in 0.008607 seconds 
  Import took 0.014422 seconds .

AssetImportWorkerClient::OnTransportError - code=2 error=End of file
