
=== Sun Aug  1 19:28:21 2021

Packages were changed.
Update Mode: mergeDefaultDependencies

The following packages were added:
  com.unity.collab-proxy@1.5.7
  com.unity.ide.rider@2.0.7
  com.unity.ide.vscode@1.2.3
  com.unity.modules.ai@1.0.0
  com.unity.modules.androidjni@1.0.0
  com.unity.modules.cloth@1.0.0
  com.unity.modules.terrain@1.0.0
  com.unity.modules.terrainphysics@1.0.0
  com.unity.modules.tilemap@1.0.0
  com.unity.modules.uielements@1.0.0
  com.unity.modules.umbra@1.0.0
  com.unity.modules.unityanalytics@1.0.0
  com.unity.modules.wind@1.0.0
The following packages were updated:
  com.unity.burst from version 1.4.6 to 1.4.8
  com.unity.cinemachine from version 2.6.3 to 2.6.5
  com.unity.ide.visualstudio from version 2.0.7 to 2.0.9
  com.unity.ml-agents from version 1.0.7 to 1.0.8
  com.unity.postprocessing from version 3.0.3 to 3.1.1
  com.unity.test-framework from version 1.1.24 to 1.1.27
  com.unity.textmeshpro from version 3.0.4 to 3.0.6
  com.unity.timeline from version 1.4.6 to 1.4.8
